<?xml version="1.0" encoding="UTF-8"?>
<!-- Generated by org.testng.reporters.JUnitXMLReporter -->
<testsuite ignored="0" hostname="DESKTOP-8B8PBF3" failures="0" tests="4" name="Default test" time="0.111" errors="0" timestamp="2025-05-18T12:10:39 IST">
  <testcase classname="package1_build1_demo.BasicTestNG_Test" name="signUp_Test" time="0.01"/>
  <testcase classname="package1_build1_demo.BasicTestNG_Test" name="login_Test" time="0.001"/>
  <testcase classname="package1_build1_demo.BasicTestNG_Test" name="Homepage_Test" time="0.005"/>
  <testcase classname="package1_build1_demo.BasicTestNG_Test" name="logOut_Test" time="0.002"/>
</testsuite> <!-- Default test -->
