<?xml version="1.0" encoding="UTF-8"?>
<testng-results ignored="0" total="1" passed="1" failed="0" skipped="0">
  <reporter-output>
  </reporter-output>
  <suite started-at="2025-05-18T12:47:34 IST" name="Suite" finished-at="2025-05-18T12:48:01 IST" duration-ms="26819">
    <groups>
    </groups>
    <test started-at="2025-05-18T12:47:34 IST" name="Test" finished-at="2025-05-18T12:48:01 IST" duration-ms="26819">
      <class name="Package_Build2.Testcases">
        <test-method is-config="true" signature="BeforeSuit_Test()[pri:0, instance:Package_Build2.Testcases@7bba5817]" started-at="2025-05-18T12:47:34 IST" name="BeforeSuit_Test" finished-at="2025-05-18T12:47:34 IST" duration-ms="12" status="PASS">
          <reporter-output>
          </reporter-output>
        </test-method> <!-- BeforeSuit_Test -->
        <test-method is-config="true" signature="BeforeTest_Test()[pri:0, instance:Package_Build2.Testcases@7bba5817]" started-at="2025-05-18T12:47:34 IST" name="BeforeTest_Test" finished-at="2025-05-18T12:47:34 IST" duration-ms="1" status="PASS">
          <reporter-output>
          </reporter-output>
        </test-method> <!-- BeforeTest_Test -->
        <test-method is-config="true" signature="BeforeClass_Test(java.lang.String)[pri:0, instance:Package_Build2.Testcases@7bba5817]" started-at="2025-05-18T12:47:34 IST" name="BeforeClass_Test" finished-at="2025-05-18T12:47:37 IST" duration-ms="2935" status="PASS">
          <params>
            <param index="0">
              <value>
                <![CDATA[chrome]]>
              </value>
            </param>
          </params>
          <reporter-output>
          </reporter-output>
        </test-method> <!-- BeforeClass_Test -->
        <test-method is-config="true" signature="BeforeMethod_Test()[pri:0, instance:Package_Build2.Testcases@7bba5817]" started-at="2025-05-18T12:47:37 IST" name="BeforeMethod_Test" finished-at="2025-05-18T12:47:55 IST" duration-ms="18534" status="PASS">
          <reporter-output>
          </reporter-output>
        </test-method> <!-- BeforeMethod_Test -->
        <test-method signature="First_Test()[pri:0, instance:Package_Build2.Testcases@7bba5817]" started-at="2025-05-18T12:47:55 IST" name="First_Test" finished-at="2025-05-18T12:47:55 IST" duration-ms="44" status="PASS">
          <reporter-output>
          </reporter-output>
        </test-method> <!-- First_Test -->
        <test-method is-config="true" signature="AfterMethod_Test()[pri:0, instance:Package_Build2.Testcases@7bba5817]" started-at="2025-05-18T12:47:55 IST" name="AfterMethod_Test" finished-at="2025-05-18T12:47:55 IST" duration-ms="0" status="PASS">
          <reporter-output>
          </reporter-output>
        </test-method> <!-- AfterMethod_Test -->
        <test-method is-config="true" signature="AfterClass_Test()[pri:0, instance:Package_Build2.Testcases@7bba5817]" started-at="2025-05-18T12:47:55 IST" name="AfterClass_Test" finished-at="2025-05-18T12:48:01 IST" duration-ms="5244" status="PASS">
          <reporter-output>
          </reporter-output>
        </test-method> <!-- AfterClass_Test -->
        <test-method is-config="true" signature="AfterTest_Test()[pri:0, instance:Package_Build2.Testcases@7bba5817]" started-at="2025-05-18T12:48:01 IST" name="AfterTest_Test" finished-at="2025-05-18T12:48:01 IST" duration-ms="0" status="PASS">
          <reporter-output>
          </reporter-output>
        </test-method> <!-- AfterTest_Test -->
        <test-method is-config="true" signature="AfterSuite_Test()[pri:0, instance:Package_Build2.Testcases@7bba5817]" started-at="2025-05-18T12:48:01 IST" name="AfterSuite_Test" finished-at="2025-05-18T12:48:01 IST" duration-ms="1" status="PASS">
          <reporter-output>
          </reporter-output>
        </test-method> <!-- AfterSuite_Test -->
      </class> <!-- Package_Build2.Testcases -->
    </test> <!-- Test -->
  </suite> <!-- Suite -->
</testng-results>
