<?xml version="1.0" encoding="UTF-8"?>
<testng-results ignored="0" total="3" passed="3" failed="0" skipped="0">
  <reporter-output>
  </reporter-output>
  <suite started-at="2025-05-18T11:06:03 IST" name="Suite" finished-at="2025-05-18T11:06:17 IST" duration-ms="14166">
    <groups>
    </groups>
    <test started-at="2025-05-18T11:06:03 IST" name="Test" finished-at="2025-05-18T11:06:15 IST" duration-ms="11706">
      <class name="Package_Build2.Testcases">
        <test-method is-config="true" signature="BeforeTest_Test()[pri:0, instance:Package_Build2.Testcases@7bba5817]" started-at="2025-05-18T11:06:03 IST" name="BeforeTest_Test" finished-at="2025-05-18T11:06:03 IST" duration-ms="2" status="PASS">
          <reporter-output>
          </reporter-output>
        </test-method> <!-- BeforeTest_Test -->
        <test-method is-config="true" signature="BeforeClass_Test(java.lang.String)[pri:0, instance:Package_Build2.Testcases@7bba5817]" started-at="2025-05-18T11:06:03 IST" name="BeforeClass_Test" finished-at="2025-05-18T11:06:12 IST" duration-ms="8607" status="PASS">
          <params>
            <param index="0">
              <value>
                <![CDATA[chrome]]>
              </value>
            </param>
          </params>
          <reporter-output>
          </reporter-output>
        </test-method> <!-- BeforeClass_Test -->
        <test-method is-config="true" signature="BeforeMethod_Test()[pri:0, instance:Package_Build2.Testcases@7bba5817]" started-at="2025-05-18T11:06:12 IST" name="BeforeMethod_Test" finished-at="2025-05-18T11:06:14 IST" duration-ms="2242" status="PASS">
          <reporter-output>
          </reporter-output>
        </test-method> <!-- BeforeMethod_Test -->
        <test-method signature="First_Test()[pri:0, instance:Package_Build2.Testcases@7bba5817]" started-at="2025-05-18T11:06:14 IST" name="First_Test" finished-at="2025-05-18T11:06:14 IST" duration-ms="509" status="PASS">
          <reporter-output>
          </reporter-output>
        </test-method> <!-- First_Test -->
        <test-method is-config="true" signature="AfterClass_Test()[pri:0, instance:Package_Build2.Testcases@7bba5817]" started-at="2025-05-18T11:06:14 IST" name="AfterClass_Test" finished-at="2025-05-18T11:06:15 IST" duration-ms="315" status="PASS">
          <reporter-output>
          </reporter-output>
        </test-method> <!-- AfterClass_Test -->
        <test-method is-config="true" signature="AfterMethod_Test()[pri:0, instance:Package_Build2.Testcases@7bba5817]" started-at="2025-05-18T11:06:14 IST" name="AfterMethod_Test" finished-at="2025-05-18T11:06:14 IST" duration-ms="0" status="PASS">
          <reporter-output>
          </reporter-output>
        </test-method> <!-- AfterMethod_Test -->
        <test-method is-config="true" signature="AfterTest_Test()[pri:0, instance:Package_Build2.Testcases@7bba5817]" started-at="2025-05-18T11:06:15 IST" name="AfterTest_Test" finished-at="2025-05-18T11:06:15 IST" duration-ms="0" status="PASS">
          <reporter-output>
          </reporter-output>
        </test-method> <!-- AfterTest_Test -->
      </class> <!-- Package_Build2.Testcases -->
    </test> <!-- Test -->
    <test started-at="2025-05-18T11:06:03 IST" name="Test3" finished-at="2025-05-18T11:06:15 IST" duration-ms="12259">
      <class name="Package_Build2.Testcases">
        <test-method is-config="true" signature="BeforeSuit_Test()[pri:0, instance:Package_Build2.Testcases@4d1c005e]" started-at="2025-05-18T11:06:03 IST" name="BeforeSuit_Test" finished-at="2025-05-18T11:06:03 IST" duration-ms="12" status="PASS">
          <reporter-output>
          </reporter-output>
        </test-method> <!-- BeforeSuit_Test -->
        <test-method is-config="true" signature="BeforeTest_Test()[pri:0, instance:Package_Build2.Testcases@4d1c005e]" started-at="2025-05-18T11:06:03 IST" name="BeforeTest_Test" finished-at="2025-05-18T11:06:03 IST" duration-ms="2" status="PASS">
          <reporter-output>
          </reporter-output>
        </test-method> <!-- BeforeTest_Test -->
        <test-method is-config="true" signature="BeforeClass_Test(java.lang.String)[pri:0, instance:Package_Build2.Testcases@4d1c005e]" started-at="2025-05-18T11:06:03 IST" name="BeforeClass_Test" finished-at="2025-05-18T11:06:11 IST" duration-ms="8273" status="PASS">
          <params>
            <param index="0">
              <value>
                <![CDATA[Edge]]>
              </value>
            </param>
          </params>
          <reporter-output>
          </reporter-output>
        </test-method> <!-- BeforeClass_Test -->
        <test-method is-config="true" signature="BeforeMethod_Test()[pri:0, instance:Package_Build2.Testcases@4d1c005e]" started-at="2025-05-18T11:06:11 IST" name="BeforeMethod_Test" finished-at="2025-05-18T11:06:13 IST" duration-ms="2026" status="PASS">
          <reporter-output>
          </reporter-output>
        </test-method> <!-- BeforeMethod_Test -->
        <test-method signature="First_Test()[pri:0, instance:Package_Build2.Testcases@4d1c005e]" started-at="2025-05-18T11:06:13 IST" name="First_Test" finished-at="2025-05-18T11:06:14 IST" duration-ms="587" status="PASS">
          <reporter-output>
          </reporter-output>
        </test-method> <!-- First_Test -->
        <test-method is-config="true" signature="AfterMethod_Test()[pri:0, instance:Package_Build2.Testcases@4d1c005e]" started-at="2025-05-18T11:06:14 IST" name="AfterMethod_Test" finished-at="2025-05-18T11:06:14 IST" duration-ms="1" status="PASS">
          <reporter-output>
          </reporter-output>
        </test-method> <!-- AfterMethod_Test -->
        <test-method is-config="true" signature="AfterClass_Test()[pri:0, instance:Package_Build2.Testcases@4d1c005e]" started-at="2025-05-18T11:06:14 IST" name="AfterClass_Test" finished-at="2025-05-18T11:06:15 IST" duration-ms="1343" status="PASS">
          <reporter-output>
          </reporter-output>
        </test-method> <!-- AfterClass_Test -->
        <test-method is-config="true" signature="AfterTest_Test()[pri:0, instance:Package_Build2.Testcases@4d1c005e]" started-at="2025-05-18T11:06:15 IST" name="AfterTest_Test" finished-at="2025-05-18T11:06:15 IST" duration-ms="0" status="PASS">
          <reporter-output>
          </reporter-output>
        </test-method> <!-- AfterTest_Test -->
        <test-method is-config="true" signature="AfterSuite_Test()[pri:0, instance:Package_Build2.Testcases@4d1c005e]" started-at="2025-05-18T11:06:17 IST" name="AfterSuite_Test" finished-at="2025-05-18T11:06:17 IST" duration-ms="1" status="PASS">
          <reporter-output>
          </reporter-output>
        </test-method> <!-- AfterSuite_Test -->
      </class> <!-- Package_Build2.Testcases -->
    </test> <!-- Test3 -->
    <test started-at="2025-05-18T11:06:03 IST" name="Test2" finished-at="2025-05-18T11:06:17 IST" duration-ms="14166">
      <class name="Package_Build2.Testcases">
        <test-method is-config="true" signature="BeforeTest_Test()[pri:0, instance:Package_Build2.Testcases@451001e5]" started-at="2025-05-18T11:06:03 IST" name="BeforeTest_Test" finished-at="2025-05-18T11:06:03 IST" duration-ms="1" status="PASS">
          <reporter-output>
          </reporter-output>
        </test-method> <!-- BeforeTest_Test -->
        <test-method is-config="true" signature="BeforeClass_Test(java.lang.String)[pri:0, instance:Package_Build2.Testcases@451001e5]" started-at="2025-05-18T11:06:03 IST" name="BeforeClass_Test" finished-at="2025-05-18T11:06:13 IST" duration-ms="9712" status="PASS">
          <params>
            <param index="0">
              <value>
                <![CDATA[firefox]]>
              </value>
            </param>
          </params>
          <reporter-output>
          </reporter-output>
        </test-method> <!-- BeforeClass_Test -->
        <test-method is-config="true" signature="BeforeMethod_Test()[pri:0, instance:Package_Build2.Testcases@451001e5]" started-at="2025-05-18T11:06:13 IST" name="BeforeMethod_Test" finished-at="2025-05-18T11:06:15 IST" duration-ms="2388" status="PASS">
          <reporter-output>
          </reporter-output>
        </test-method> <!-- BeforeMethod_Test -->
        <test-method signature="First_Test()[pri:0, instance:Package_Build2.Testcases@451001e5]" started-at="2025-05-18T11:06:15 IST" name="First_Test" finished-at="2025-05-18T11:06:16 IST" duration-ms="492" status="PASS">
          <reporter-output>
          </reporter-output>
        </test-method> <!-- First_Test -->
        <test-method is-config="true" signature="AfterMethod_Test()[pri:0, instance:Package_Build2.Testcases@451001e5]" started-at="2025-05-18T11:06:16 IST" name="AfterMethod_Test" finished-at="2025-05-18T11:06:16 IST" duration-ms="1" status="PASS">
          <reporter-output>
          </reporter-output>
        </test-method> <!-- AfterMethod_Test -->
        <test-method is-config="true" signature="AfterClass_Test()[pri:0, instance:Package_Build2.Testcases@451001e5]" started-at="2025-05-18T11:06:16 IST" name="AfterClass_Test" finished-at="2025-05-18T11:06:17 IST" duration-ms="1527" status="PASS">
          <reporter-output>
          </reporter-output>
        </test-method> <!-- AfterClass_Test -->
        <test-method is-config="true" signature="AfterTest_Test()[pri:0, instance:Package_Build2.Testcases@451001e5]" started-at="2025-05-18T11:06:17 IST" name="AfterTest_Test" finished-at="2025-05-18T11:06:17 IST" duration-ms="0" status="PASS">
          <reporter-output>
          </reporter-output>
        </test-method> <!-- AfterTest_Test -->
      </class> <!-- Package_Build2.Testcases -->
    </test> <!-- Test2 -->
  </suite> <!-- Suite -->
</testng-results>
